<?xml version="1.0" encoding="UTF-8"?>
<robot generator="Robot 3.0.2 (Python 3.6.3 on win32)" generated="20180309 12:25:11.762">
<suite id="s1" name="Test Mysql" source="D:\Projects\test\robot\test_mysql.robot">
<test id="s1-t1" name="Test">
<kw name="Connect To Database Using Custom Params" library="DatabaseLibrary">
<doc>Loads the DB API 2.0 module given `dbapiModuleName` then uses it to</doc>
<arguments>
<arg>pymysql</arg>
<arg>database='spicespirit', user='root', password='spice', host='192.168.100.198', port=3306,charset='utf8'</arg>
</arguments>
<msg timestamp="20180309 12:25:11.821" level="INFO">Executing : Connect To Database Using Custom Params : pymysql.connect(db_api_2.connect(database='spicespirit', user='root', password='spice', host='192.168.100.198', port=3306,charset='utf8')) </msg>
<status status="PASS" starttime="20180309 12:25:11.802" endtime="20180309 12:25:11.829"></status>
</kw>
<kw name="Query" library="DatabaseLibrary">
<doc>Uses the input `selectStatement` to query for the values that will be returned as a list of tuples. Set optional</doc>
<arguments>
<arg>select * from u_user where phone='18010181267'</arg>
</arguments>
<assign>
<var>${result}</var>
</assign>
<msg timestamp="20180309 12:25:11.830" level="INFO">Executing : Query  |  select * from u_user where phone='18010181267' </msg>
<msg timestamp="20180309 12:25:11.833" level="INFO">${result} = ((624275, '韩志超(先生)', '', '18010181267', '', 3, '', '', '', 0, 3, '', '', '', 1519974382, 1519974382, 0, '', ''),)</msg>
<status status="PASS" starttime="20180309 12:25:11.830" endtime="20180309 12:25:11.833"></status>
</kw>
<kw name="Log" library="BuiltIn">
<doc>Logs the given message with the given level.</doc>
<arguments>
<arg>${result}</arg>
</arguments>
<msg timestamp="20180309 12:25:11.833" level="INFO">((624275, '韩志超(先生)', '', '18010181267', '', 3, '', '', '', 0, 3, '', '', '', 1519974382, 1519974382, 0, '', ''),)</msg>
<status status="PASS" starttime="20180309 12:25:11.833" endtime="20180309 12:25:11.833"></status>
</kw>
<status status="PASS" starttime="20180309 12:25:11.801" endtime="20180309 12:25:11.833" critical="yes"></status>
</test>
<status status="PASS" starttime="20180309 12:25:11.764" endtime="20180309 12:25:11.834"></status>
</suite>
<statistics>
<total>
<stat pass="1" fail="0">Critical Tests</stat>
<stat pass="1" fail="0">All Tests</stat>
</total>
<tag>
</tag>
<suite>
<stat pass="1" fail="0" id="s1" name="Test Mysql">Test Mysql</stat>
</suite>
</statistics>
<errors>
</errors>
</robot>
