<?xml version="1.0" encoding="UTF-8"?>
<robot generator="Robot 3.0.2 (Python 3.6.3 on win32)" generated="20171221 10:44:12.054">
<suite id="s1" name="Cash" source="D:\Projects\test\cash">
<suite id="s1-s1" name="测试" source="D:\Projects\test\cash\测试">
<suite id="s1-s1-s1" name="测试落单" source="D:\Projects\test\cash\测试\测试落单.robot">
<test id="s1-s1-s1-t1" name="登录">
<kw name="Chrome Headless">
<arguments>
<arg>${base_url}</arg>
</arguments>
<kw name="Evaluate" library="BuiltIn">
<doc>Evaluates the given expression in Python and returns the results.</doc>
<arguments>
<arg>sys.modules['selenium.webdriver'].ChromeOptions()</arg>
<arg>sys, selenium.webdriver</arg>
</arguments>
<assign>
<var>${options}</var>
</assign>
<msg timestamp="20171221 10:44:12.185" level="INFO">${options} = &lt;selenium.webdriver.chrome.options.Options object at 0x0000025041454748&gt;</msg>
<status status="PASS" starttime="20171221 10:44:12.184" endtime="20171221 10:44:12.185"></status>
</kw>
<kw name="Call Method" library="BuiltIn">
<doc>Calls the named method of the given object with the provided arguments.</doc>
<arguments>
<arg>${options}</arg>
<arg>add_argument</arg>
<arg>--start-maximized</arg>
</arguments>
<status status="PASS" starttime="20171221 10:44:12.185" endtime="20171221 10:44:12.185"></status>
</kw>
<kw name="Call Method" library="BuiltIn">
<doc>Calls the named method of the given object with the provided arguments.</doc>
<arguments>
<arg>${options}</arg>
<arg>add_argument</arg>
<arg>--disable-infobars</arg>
</arguments>
<status status="PASS" starttime="20171221 10:44:12.185" endtime="20171221 10:44:12.185"></status>
</kw>
<kw name="Create Webdriver" library="SeleniumLibrary">
<doc>Creates an instance of Selenium WebDriver.</doc>
<arguments>
<arg>Chrome</arg>
<arg>chrome_options=${options}</arg>
</arguments>
<msg timestamp="20171221 10:44:12.186" level="INFO">Creating an instance of the Chrome WebDriver.</msg>
<status status="PASS" starttime="20171221 10:44:12.185" endtime="20171221 10:44:16.133"></status>
</kw>
<kw name="Go To" library="SeleniumLibrary">
<doc>Navigates the active browser instance to the provided ``url``.</doc>
<arguments>
<arg>${url}</arg>
</arguments>
<msg timestamp="20171221 10:44:16.134" level="INFO">Opening url 'http://127.0.0.1:9999'</msg>
<status status="PASS" starttime="20171221 10:44:16.133" endtime="20171221 10:44:16.939"></status>
</kw>
<status status="PASS" starttime="20171221 10:44:12.184" endtime="20171221 10:44:16.940"></status>
</kw>
<kw name="Input">
<arguments>
<arg>账号</arg>
<arg>${username}</arg>
</arguments>
<kw name="Input Text" library="SeleniumLibrary">
<doc>Types the given ``text`` into text field identified by ``locator``.</doc>
<arguments>
<arg>xpath=//*[contains(text(),"${label}")]/following::input</arg>
<arg>${text}</arg>
</arguments>
<msg timestamp="20171221 10:44:16.941" level="INFO">Typing text '0100401' into text field 'xpath=//*[contains(text(),"账号")]/following::input'.</msg>
<status status="PASS" starttime="20171221 10:44:16.941" endtime="20171221 10:44:17.157"></status>
</kw>
<status status="PASS" starttime="20171221 10:44:16.940" endtime="20171221 10:44:17.157"></status>
</kw>
<kw name="Input">
<arguments>
<arg>密码</arg>
<arg>${password}</arg>
</arguments>
<kw name="Input Text" library="SeleniumLibrary">
<doc>Types the given ``text`` into text field identified by ``locator``.</doc>
<arguments>
<arg>xpath=//*[contains(text(),"${label}")]/following::input</arg>
<arg>${text}</arg>
</arguments>
<msg timestamp="20171221 10:44:17.159" level="INFO">Typing text '000000' into text field 'xpath=//*[contains(text(),"密码")]/following::input'.</msg>
<status status="PASS" starttime="20171221 10:44:17.158" endtime="20171221 10:44:17.281"></status>
</kw>
<status status="PASS" starttime="20171221 10:44:17.158" endtime="20171221 10:44:17.281"></status>
</kw>
<kw name="Click">
<arguments>
<arg>登录</arg>
</arguments>
<kw name="Click Element" library="SeleniumLibrary">
<doc>Click element identified by ``locator``.</doc>
<arguments>
<arg>xpath=//*[text()="${text}"]</arg>
</arguments>
<msg timestamp="20171221 10:44:17.282" level="INFO">Clicking element 'xpath=//*[text()="登录"]'.</msg>
<status status="PASS" starttime="20171221 10:44:17.282" endtime="20171221 10:44:17.401"></status>
</kw>
<status status="PASS" starttime="20171221 10:44:17.281" endtime="20171221 10:44:17.401"></status>
</kw>
<kw name="Sleep" library="BuiltIn">
<doc>Pauses the test executed for the given time.</doc>
<arguments>
<arg>3</arg>
</arguments>
<msg timestamp="20171221 10:44:20.402" level="INFO">Slept 3 seconds</msg>
<status status="PASS" starttime="20171221 10:44:17.401" endtime="20171221 10:44:20.402"></status>
</kw>
<kw name="Click Element" library="SeleniumLibrary">
<doc>Click element identified by ``locator``.</doc>
<arguments>
<arg>xpath=//span[text()="麻辣小龙虾"]</arg>
</arguments>
<msg timestamp="20171221 10:44:20.404" level="INFO">Clicking element 'xpath=//span[text()="麻辣小龙虾"]'.</msg>
<status status="PASS" starttime="20171221 10:44:20.403" endtime="20171221 10:44:20.530"></status>
</kw>
<kw name="Sleep" library="BuiltIn">
<doc>Pauses the test executed for the given time.</doc>
<arguments>
<arg>1</arg>
</arguments>
<msg timestamp="20171221 10:44:21.533" level="INFO">Slept 1 second</msg>
<status status="PASS" starttime="20171221 10:44:20.531" endtime="20171221 10:44:21.533"></status>
</kw>
<kw name="Input Text" library="SeleniumLibrary">
<doc>Types the given ``text`` into text field identified by ``locator``.</doc>
<arguments>
<arg>xpath=//label[text()="请输入数量（只）:"]/following::input[1]</arg>
<arg>1</arg>
</arguments>
<msg timestamp="20171221 10:44:21.533" level="INFO">Typing text '1' into text field 'xpath=//label[text()="请输入数量（只）:"]/following::input[1]'.</msg>
<status status="PASS" starttime="20171221 10:44:21.533" endtime="20171221 10:44:21.623"></status>
</kw>
<kw name="Click Element" library="SeleniumLibrary">
<doc>Click element identified by ``locator``.</doc>
<arguments>
<arg>xpath=//li[text()="确定"]</arg>
</arguments>
<msg timestamp="20171221 10:44:21.624" level="INFO">Clicking element 'xpath=//li[text()="确定"]'.</msg>
<status status="PASS" starttime="20171221 10:44:21.624" endtime="20171221 10:44:21.716"></status>
</kw>
<kw name="Sleep" library="BuiltIn">
<doc>Pauses the test executed for the given time.</doc>
<arguments>
<arg>1</arg>
</arguments>
<msg timestamp="20171221 10:44:22.717" level="INFO">Slept 1 second</msg>
<status status="PASS" starttime="20171221 10:44:21.717" endtime="20171221 10:44:22.717"></status>
</kw>
<kw name="Click Element" library="SeleniumLibrary">
<doc>Click element identified by ``locator``.</doc>
<arguments>
<arg>xpath=//a[text()="结算"]</arg>
</arguments>
<msg timestamp="20171221 10:44:22.718" level="INFO">Clicking element 'xpath=//a[text()="结算"]'.</msg>
<status status="PASS" starttime="20171221 10:44:22.717" endtime="20171221 10:44:22.815"></status>
</kw>
<kw name="Sleep" library="BuiltIn">
<doc>Pauses the test executed for the given time.</doc>
<arguments>
<arg>1</arg>
</arguments>
<msg timestamp="20171221 10:44:23.815" level="INFO">Slept 1 second</msg>
<status status="PASS" starttime="20171221 10:44:22.815" endtime="20171221 10:44:23.815"></status>
</kw>
<kw name="Click Element" library="SeleniumLibrary">
<doc>Click element identified by ``locator``.</doc>
<arguments>
<arg>xpath=//a[text()="快速结账"]</arg>
</arguments>
<msg timestamp="20171221 10:44:23.817" level="INFO">Clicking element 'xpath=//a[text()="快速结账"]'.</msg>
<status status="PASS" starttime="20171221 10:44:23.816" endtime="20171221 10:44:23.948"></status>
</kw>
<kw name="Click Element" library="SeleniumLibrary">
<doc>Click element identified by ``locator``.</doc>
<arguments>
<arg>xpath=//a[text()="确定"]</arg>
</arguments>
<msg timestamp="20171221 10:44:23.949" level="INFO">Clicking element 'xpath=//a[text()="确定"]'.</msg>
<status status="PASS" starttime="20171221 10:44:23.948" endtime="20171221 10:44:24.029"></status>
</kw>
<kw name="Sleep" library="BuiltIn">
<doc>Pauses the test executed for the given time.</doc>
<arguments>
<arg>1</arg>
</arguments>
<msg timestamp="20171221 10:44:25.031" level="INFO">Slept 1 second</msg>
<status status="PASS" starttime="20171221 10:44:24.030" endtime="20171221 10:44:25.031"></status>
</kw>
<kw name="Click Element" library="SeleniumLibrary">
<doc>Click element identified by ``locator``.</doc>
<arguments>
<arg>xpath=//div[@class="layer-settling"]/a[text()="确定"]</arg>
</arguments>
<msg timestamp="20171221 10:44:25.032" level="INFO">Clicking element 'xpath=//div[@class="layer-settling"]/a[text()="确定"]'.</msg>
<status status="PASS" starttime="20171221 10:44:25.032" endtime="20171221 10:44:25.156"></status>
</kw>
<kw name="Sleep" library="BuiltIn">
<doc>Pauses the test executed for the given time.</doc>
<arguments>
<arg>3</arg>
</arguments>
<msg timestamp="20171221 10:44:28.157" level="INFO">Slept 3 seconds</msg>
<status status="PASS" starttime="20171221 10:44:25.156" endtime="20171221 10:44:28.157"></status>
</kw>
<kw name="Close Browser" library="SeleniumLibrary">
<doc>Closes the current browser.</doc>
<status status="PASS" starttime="20171221 10:44:28.158" endtime="20171221 10:44:31.365"></status>
</kw>
<tags>
<tag>level1</tag>
</tags>
<status status="PASS" starttime="20171221 10:44:12.183" endtime="20171221 10:44:31.366" critical="yes"></status>
</test>
<status status="PASS" starttime="20171221 10:44:12.079" endtime="20171221 10:44:31.369"></status>
</suite>
<status status="PASS" starttime="20171221 10:44:12.077" endtime="20171221 10:44:31.375"></status>
</suite>
<status status="PASS" starttime="20171221 10:44:12.055" endtime="20171221 10:44:31.379"></status>
</suite>
<statistics>
<total>
<stat pass="1" fail="0">Critical Tests</stat>
<stat pass="1" fail="0">All Tests</stat>
</total>
<tag>
<stat pass="1" fail="0">level1</stat>
</tag>
<suite>
<stat pass="1" fail="0" id="s1" name="Cash">Cash</stat>
<stat pass="1" fail="0" id="s1-s1" name="测试">Cash.测试</stat>
<stat pass="1" fail="0" id="s1-s1-s1" name="测试落单">Cash.测试.测试落单</stat>
</suite>
</statistics>
<errors>
</errors>
</robot>
